Determining if the pthread_create exist failed with the following output:
Change Dir: /home/user/catkin_ws/build/CMakeFiles/CMakeTmp

Run Build Command:"/usr/bin/make" "cmTC_69c25/fast"
/usr/bin/make -f CMakeFiles/cmTC_69c25.dir/build.make CMakeFiles/cmTC_69c25.dir/build
make[1]: Entering directory '/home/user/catkin_ws/build/CMakeFiles/CMakeTmp'
Building C object CMakeFiles/cmTC_69c25.dir/CheckSymbolExists.c.o
/usr/bin/cc    -o CMakeFiles/cmTC_69c25.dir/CheckSymbolExists.c.o   -c /home/user/catkin_ws/build/CMakeFiles/CMakeTmp/CheckSymbolExists.c
Linking C executable cmTC_69c25
/usr/bin/cmake -E cmake_link_script CMakeFiles/cmTC_69c25.dir/link.txt --verbose=1
/usr/bin/cc      -rdynamic CMakeFiles/cmTC_69c25.dir/CheckSymbolExists.c.o  -o cmTC_69c25 
CMakeFiles/cmTC_69c25.dir/CheckSymbolExists.c.o: 於函式 main:
CheckSymbolExists.c:(.text+0x1b): 未定義參考到 pthread_create
collect2: error: ld returned 1 exit status
CMakeFiles/cmTC_69c25.dir/build.make:97: recipe for target 'cmTC_69c25' failed
make[1]: *** [cmTC_69c25] Error 1
make[1]: Leaving directory '/home/user/catkin_ws/build/CMakeFiles/CMakeTmp'
Makefile:126: recipe for target 'cmTC_69c25/fast' failed
make: *** [cmTC_69c25/fast] Error 2

File /home/user/catkin_ws/build/CMakeFiles/CMakeTmp/CheckSymbolExists.c:
/* */
#include <pthread.h>

int main(int argc, char** argv)
{
  (void)argv;
#ifndef pthread_create
  return ((int*)(&pthread_create))[argc];
#else
  (void)argc;
  return 0;
#endif
}

Determining if the function pthread_create exists in the pthreads failed with the following output:
Change Dir: /home/user/catkin_ws/build/CMakeFiles/CMakeTmp

Run Build Command:"/usr/bin/make" "cmTC_072f3/fast"
/usr/bin/make -f CMakeFiles/cmTC_072f3.dir/build.make CMakeFiles/cmTC_072f3.dir/build
make[1]: Entering directory '/home/user/catkin_ws/build/CMakeFiles/CMakeTmp'
Building C object CMakeFiles/cmTC_072f3.dir/CheckFunctionExists.c.o
/usr/bin/cc   -DCHECK_FUNCTION_EXISTS=pthread_create   -o CMakeFiles/cmTC_072f3.dir/CheckFunctionExists.c.o   -c /usr/share/cmake-3.10/Modules/CheckFunctionExists.c
Linking C executable cmTC_072f3
/usr/bin/cmake -E cmake_link_script CMakeFiles/cmTC_072f3.dir/link.txt --verbose=1
/usr/bin/cc  -DCHECK_FUNCTION_EXISTS=pthread_create    -rdynamic CMakeFiles/cmTC_072f3.dir/CheckFunctionExists.c.o  -o cmTC_072f3 -lpthreads 
/usr/bin/ld: 找不到 -lpthreads
collect2: error: ld returned 1 exit status
CMakeFiles/cmTC_072f3.dir/build.make:97: recipe for target 'cmTC_072f3' failed
make[1]: *** [cmTC_072f3] Error 1
make[1]: Leaving directory '/home/user/catkin_ws/build/CMakeFiles/CMakeTmp'
Makefile:126: recipe for target 'cmTC_072f3/fast' failed
make: *** [cmTC_072f3/fast] Error 2


